-- The C compiler identification is GNU 11.4.0
-- The CXX compiler identification is GNU 11.4.0
-- Detecting C compiler ABI info
-- Detecting C compiler ABI info - done
-- Check for working C compiler: /usr/bin/cc - skipped
-- Detecting C compile features
-- Detecting C compile features - done
-- Detecting CXX compiler ABI info
-- Detecting CXX compiler ABI info - done
-- Check for working CXX compiler: /usr/bin/c++ - skipped
-- Detecting CXX compile features
-- Detecting CXX compile features - done
-- Found ament_cmake: 1.3.11 (/opt/ros/humble/share/ament_cmake/cmake)
-- Found Python3: /usr/bin/python3 (found version "3.10.12") found components: Interpreter 
-- Override CMake install command with custom implementation using symlinks instead of copying resources
-- Found rclcpp: 16.0.12 (/opt/ros/humble/share/rclcpp/cmake)
-- Found rosidl_generator_c: 3.1.6 (/opt/ros/humble/share/rosidl_generator_c/cmake)
-- Found rosidl_adapter: 3.1.6 (/opt/ros/humble/share/rosidl_adapter/cmake)
-- Found rosidl_generator_cpp: 3.1.6 (/opt/ros/humble/share/rosidl_generator_cpp/cmake)
-- Using all available rosidl_typesupport_c: rosidl_typesupport_fastrtps_c;rosidl_typesupport_introspection_c
-- Using all available rosidl_typesupport_cpp: rosidl_typesupport_fastrtps_cpp;rosidl_typesupport_introspection_cpp
-- Found rmw_implementation_cmake: 6.1.2 (/opt/ros/humble/share/rmw_implementation_cmake/cmake)
-- Found rmw_fastrtps_cpp: 6.2.7 (/opt/ros/humble/share/rmw_fastrtps_cpp/cmake)
-- Found OpenSSL: /usr/lib/x86_64-linux-gnu/libcrypto.so (found version "3.0.2")  
-- Found FastRTPS: /opt/ros/humble/include  
-- Using RMW implementation 'rmw_fastrtps_cpp' as default
-- Looking for pthread.h
-- Looking for pthread.h - found
-- Performing Test CMAKE_HAVE_LIBC_PTHREAD
-- Performing Test CMAKE_HAVE_LIBC_PTHREAD - Success
-- Found Threads: TRUE  
-- Found rosidl_default_generators: 1.2.0 (/opt/ros/humble/share/rosidl_default_generators/cmake)
-- Found ament_cmake_ros: 0.10.0 (/opt/ros/humble/share/ament_cmake_ros/cmake)
-- Using all available rosidl_typesupport_c: rosidl_typesupport_fastrtps_c;rosidl_typesupport_introspection_c
-- Using all available rosidl_typesupport_cpp: rosidl_typesupport_fastrtps_cpp;rosidl_typesupport_introspection_cpp
-- Found PythonInterp: /usr/bin/python3 (found suitable version "3.10.12", minimum required is "3.6") 
-- Found python_cmake_module: 0.10.0 (/opt/ros/humble/share/python_cmake_module/cmake)
-- Found PythonLibs: /usr/lib/x86_64-linux-gnu/libpython3.10.so (found suitable version "3.10.12", minimum required is "3.5") 
-- Using PYTHON_EXECUTABLE: /usr/bin/python3
-- Using PYTHON_INCLUDE_DIRS: /usr/include/python3.10
-- Using PYTHON_LIBRARIES: /usr/lib/x86_64-linux-gnu/libpython3.10.so
-- Found PythonExtra: .so  
-- Configuring done
-- Generating done
-- Build files have been written to: /workspace/ros2_ws/build/service_temp
[  3%] [34m[1mGenerating C code for ROS interfaces[0m
[  6%] [34m[1mGenerating C++ code for ROS interfaces[0m
[  6%] Built target ament_cmake_python_symlink_service_temp
running egg_info
creating service_temp.egg-info
writing service_temp.egg-info/PKG-INFO
writing dependency_links to service_temp.egg-info/dependency_links.txt
writing top-level names to service_temp.egg-info/top_level.txt
writing manifest file 'service_temp.egg-info/SOURCES.txt'
reading manifest file 'service_temp.egg-info/SOURCES.txt'
writing manifest file 'service_temp.egg-info/SOURCES.txt'
[  6%] Built target ament_cmake_python_build_service_temp_egg
[  6%] Built target service_temp__cpp
[  9%] [32mBuilding C object CMakeFiles/service_temp__rosidl_generator_c.dir/rosidl_generator_c/service_temp/srv/detail/convert_temp__functions.c.o[0m
[ 12%] [34m[1mGenerating C++ type support dispatch for ROS interfaces[0m
[ 16%] [34m[1mGenerating C++ type support for eProsima Fast-RTPS[0m
[ 19%] [34m[1mGenerating C++ introspection for ROS interfaces[0m
[ 22%] [32m[1mLinking C shared library libservice_temp__rosidl_generator_c.so[0m
[ 22%] Built target service_temp__rosidl_generator_c
[ 25%] [34m[1mGenerating C type support for eProsima Fast-RTPS[0m
[ 29%] [32mBuilding CXX object CMakeFiles/service_temp__rosidl_typesupport_cpp.dir/rosidl_typesupport_cpp/service_temp/srv/convert_temp__type_support.cpp.o[0m
[ 32%] [32mBuilding CXX object CMakeFiles/service_temp__rosidl_typesupport_fastrtps_cpp.dir/rosidl_typesupport_fastrtps_cpp/service_temp/srv/detail/dds_fastrtps/convert_temp__type_support.cpp.o[0m
[ 35%] [32mBuilding CXX object CMakeFiles/service_temp__rosidl_typesupport_introspection_cpp.dir/rosidl_typesupport_introspection_cpp/service_temp/srv/detail/convert_temp__type_support.cpp.o[0m
[ 38%] [32mBuilding CXX object CMakeFiles/service_temp__rosidl_typesupport_fastrtps_c.dir/rosidl_typesupport_fastrtps_c/service_temp/srv/detail/convert_temp__type_support_c.cpp.o[0m
[ 41%] [32m[1mLinking CXX shared library libservice_temp__rosidl_typesupport_cpp.so[0m
[ 41%] Built target service_temp__rosidl_typesupport_cpp
[ 45%] [34m[1mGenerating C introspection for ROS interfaces[0m
[ 48%] [32m[1mLinking CXX shared library libservice_temp__rosidl_typesupport_fastrtps_cpp.so[0m
[ 51%] [32m[1mLinking CXX shared library libservice_temp__rosidl_typesupport_fastrtps_c.so[0m
[ 54%] [32m[1mLinking CXX shared library libservice_temp__rosidl_typesupport_introspection_cpp.so[0m
[ 58%] [32mBuilding C object CMakeFiles/service_temp__rosidl_typesupport_introspection_c.dir/rosidl_typesupport_introspection_c/service_temp/srv/detail/convert_temp__type_support.c.o[0m
[ 58%] Built target service_temp__rosidl_typesupport_fastrtps_cpp
[ 61%] [34m[1mGenerating C type support dispatch for ROS interfaces[0m
[ 64%] [32m[1mLinking C shared library libservice_temp__rosidl_typesupport_introspection_c.so[0m
[ 64%] Built target service_temp__rosidl_typesupport_introspection_cpp
[ 64%] Built target service_temp__rosidl_typesupport_introspection_c
[ 64%] Built target service_temp__rosidl_typesupport_fastrtps_c
[ 67%] [32mBuilding CXX object CMakeFiles/service_temp__rosidl_typesupport_c.dir/rosidl_typesupport_c/service_temp/srv/convert_temp__type_support.cpp.o[0m
[ 70%] [32m[1mLinking CXX shared library libservice_temp__rosidl_typesupport_c.so[0m
[ 70%] Built target service_temp__rosidl_typesupport_c
[ 70%] Built target service_temp
[ 74%] [34m[1mGenerating Python code for ROS interfaces[0m
[ 74%] Built target service_temp__py
[ 77%] [32mBuilding C object CMakeFiles/service_temp__rosidl_generator_py.dir/rosidl_generator_py/service_temp/srv/_convert_temp_s.c.o[0m
[ 80%] [32m[1mLinking C shared library rosidl_generator_py/service_temp/libservice_temp__rosidl_generator_py.so[0m
[ 80%] Built target service_temp__rosidl_generator_py
[ 83%] [32mBuilding C object CMakeFiles/service_temp__rosidl_typesupport_introspection_c__pyext.dir/rosidl_generator_py/service_temp/_service_temp_s.ep.rosidl_typesupport_introspection_c.c.o[0m
[ 87%] [32mBuilding C object CMakeFiles/service_temp__rosidl_typesupport_fastrtps_c__pyext.dir/rosidl_generator_py/service_temp/_service_temp_s.ep.rosidl_typesupport_fastrtps_c.c.o[0m
[ 90%] [32mBuilding C object CMakeFiles/service_temp__rosidl_typesupport_c__pyext.dir/rosidl_generator_py/service_temp/_service_temp_s.ep.rosidl_typesupport_c.c.o[0m
[ 93%] [32m[1mLinking C shared library rosidl_generator_py/service_temp/service_temp_s__rosidl_typesupport_introspection_c.cpython-310-x86_64-linux-gnu.so[0m
[ 96%] [32m[1mLinking C shared library rosidl_generator_py/service_temp/service_temp_s__rosidl_typesupport_c.cpython-310-x86_64-linux-gnu.so[0m
[100%] [32m[1mLinking C shared library rosidl_generator_py/service_temp/service_temp_s__rosidl_typesupport_fastrtps_c.cpython-310-x86_64-linux-gnu.so[0m
[100%] Built target service_temp__rosidl_typesupport_introspection_c__pyext
[100%] Built target service_temp__rosidl_typesupport_fastrtps_c__pyext
[100%] Built target service_temp__rosidl_typesupport_c__pyext
-- Install configuration: ""
-- Execute custom install script
-- Symlinking: /workspace/ros2_ws/install/service_temp/share/ament_index/resource_index/rosidl_interfaces/service_temp
-- Symlinking: /workspace/ros2_ws/install/service_temp/include/service_temp/service_temp/msg/rosidl_generator_c__visibility_control.h
-- Symlinking: /workspace/ros2_ws/install/service_temp/include/service_temp/service_temp/srv/convert_temp.h
-- Symlinking: /workspace/ros2_ws/install/service_temp/include/service_temp/service_temp/srv/detail/convert_temp__functions.h
-- Symlinking: /workspace/ros2_ws/install/service_temp/include/service_temp/service_temp/srv/detail/convert_temp__struct.h
-- Symlinking: /workspace/ros2_ws/install/service_temp/include/service_temp/service_temp/srv/detail/convert_temp__type_support.h
-- Symlinking: /workspace/ros2_ws/install/service_temp/share/service_temp/environment/library_path.sh
-- Symlinking: /workspace/ros2_ws/install/service_temp/share/service_temp/environment/library_path.dsv
-- Symlinking: /workspace/ros2_ws/install/service_temp/include/service_temp/service_temp/msg/rosidl_typesupport_fastrtps_c__visibility_control.h
-- Symlinking: /workspace/ros2_ws/install/service_temp/include/service_temp/service_temp/srv/detail/convert_temp__rosidl_typesupport_fastrtps_c.h
-- Symlinking: /workspace/ros2_ws/install/service_temp/include/service_temp/service_temp/msg/rosidl_generator_cpp__visibility_control.hpp
-- Symlinking: /workspace/ros2_ws/install/service_temp/include/service_temp/service_temp/srv/convert_temp.hpp
-- Symlinking: /workspace/ros2_ws/install/service_temp/include/service_temp/service_temp/srv/detail/convert_temp__builder.hpp
-- Symlinking: /workspace/ros2_ws/install/service_temp/include/service_temp/service_temp/srv/detail/convert_temp__struct.hpp
-- Symlinking: /workspace/ros2_ws/install/service_temp/include/service_temp/service_temp/srv/detail/convert_temp__traits.hpp
-- Symlinking: /workspace/ros2_ws/install/service_temp/include/service_temp/service_temp/srv/detail/convert_temp__type_support.hpp
-- Symlinking: /workspace/ros2_ws/install/service_temp/include/service_temp/service_temp/msg/rosidl_typesupport_fastrtps_cpp__visibility_control.h
-- Symlinking: /workspace/ros2_ws/install/service_temp/include/service_temp/service_temp/srv/detail/convert_temp__rosidl_typesupport_fastrtps_cpp.hpp
-- Symlinking: /workspace/ros2_ws/install/service_temp/include/service_temp/service_temp/msg/rosidl_typesupport_introspection_c__visibility_control.h
-- Symlinking: /workspace/ros2_ws/install/service_temp/include/service_temp/service_temp/srv/detail/convert_temp__rosidl_typesupport_introspection_c.h
-- Symlinking: /workspace/ros2_ws/install/service_temp/include/service_temp/service_temp/srv/detail/convert_temp__rosidl_typesupport_introspection_cpp.hpp
-- Symlinking: /workspace/ros2_ws/install/service_temp/share/service_temp/environment/pythonpath.sh
-- Symlinking: /workspace/ros2_ws/install/service_temp/share/service_temp/environment/pythonpath.dsv
-- Symlinking: /workspace/ros2_ws/install/service_temp/local/lib/python3.10/dist-packages/service_temp-0.0.0-py3.10.egg-info/PKG-INFO
-- Symlinking: /workspace/ros2_ws/install/service_temp/local/lib/python3.10/dist-packages/service_temp-0.0.0-py3.10.egg-info/SOURCES.txt
-- Symlinking: /workspace/ros2_ws/install/service_temp/local/lib/python3.10/dist-packages/service_temp-0.0.0-py3.10.egg-info/dependency_links.txt
-- Symlinking: /workspace/ros2_ws/install/service_temp/local/lib/python3.10/dist-packages/service_temp-0.0.0-py3.10.egg-info/top_level.txt
-- Symlinking: /workspace/ros2_ws/install/service_temp/local/lib/python3.10/dist-packages/service_temp/__init__.py
-- Symlinking: /workspace/ros2_ws/install/service_temp/local/lib/python3.10/dist-packages/service_temp/_service_temp_s.ep.rosidl_typesupport_c.c
-- Symlinking: /workspace/ros2_ws/install/service_temp/local/lib/python3.10/dist-packages/service_temp/_service_temp_s.ep.rosidl_typesupport_fastrtps_c.c
-- Symlinking: /workspace/ros2_ws/install/service_temp/local/lib/python3.10/dist-packages/service_temp/_service_temp_s.ep.rosidl_typesupport_introspection_c.c
-- Symlinking: /workspace/ros2_ws/install/service_temp/local/lib/python3.10/dist-packages/service_temp/libservice_temp__rosidl_generator_py.so
-- Symlinking: /workspace/ros2_ws/install/service_temp/local/lib/python3.10/dist-packages/service_temp/service_temp_s__rosidl_typesupport_c.cpython-310-x86_64-linux-gnu.so
-- Symlinking: /workspace/ros2_ws/install/service_temp/local/lib/python3.10/dist-packages/service_temp/service_temp_s__rosidl_typesupport_fastrtps_c.cpython-310-x86_64-linux-gnu.so
-- Symlinking: /workspace/ros2_ws/install/service_temp/local/lib/python3.10/dist-packages/service_temp/service_temp_s__rosidl_typesupport_introspection_c.cpython-310-x86_64-linux-gnu.so
-- Symlinking: /workspace/ros2_ws/install/service_temp/local/lib/python3.10/dist-packages/service_temp/srv/__init__.py
-- Symlinking: /workspace/ros2_ws/install/service_temp/local/lib/python3.10/dist-packages/service_temp/srv/_convert_temp.py
-- Symlinking: /workspace/ros2_ws/install/service_temp/local/lib/python3.10/dist-packages/service_temp/srv/_convert_temp_s.c
-- Up-to-date symlink: /workspace/ros2_ws/install/service_temp/local/lib/python3.10/dist-packages/service_temp/service_temp_s__rosidl_typesupport_fastrtps_c.cpython-310-x86_64-linux-gnu.so
-- Up-to-date symlink: /workspace/ros2_ws/install/service_temp/local/lib/python3.10/dist-packages/service_temp/service_temp_s__rosidl_typesupport_introspection_c.cpython-310-x86_64-linux-gnu.so
-- Up-to-date symlink: /workspace/ros2_ws/install/service_temp/local/lib/python3.10/dist-packages/service_temp/service_temp_s__rosidl_typesupport_c.cpython-310-x86_64-linux-gnu.so
-- Symlinking: /workspace/ros2_ws/install/service_temp/share/service_temp/srv/ConvertTemp.idl
-- Symlinking: /workspace/ros2_ws/install/service_temp/share/service_temp/srv/ConvertTemp.srv
-- Symlinking: /workspace/ros2_ws/install/service_temp/share/service_temp/srv/ConvertTemp_Request.msg
-- Symlinking: /workspace/ros2_ws/install/service_temp/share/service_temp/srv/ConvertTemp_Response.msg
-- Symlinking: /workspace/ros2_ws/install/service_temp/lib//server.py
-- Symlinking: /workspace/ros2_ws/install/service_temp/lib//client.py
-- Symlinking: /workspace/ros2_ws/install/service_temp/share/ament_index/resource_index/package_run_dependencies/service_temp
-- Symlinking: /workspace/ros2_ws/install/service_temp/share/ament_index/resource_index/parent_prefix_path/service_temp
-- Symlinking: /workspace/ros2_ws/install/service_temp/share/service_temp/environment/ament_prefix_path.sh
-- Symlinking: /workspace/ros2_ws/install/service_temp/share/service_temp/environment/ament_prefix_path.dsv
-- Symlinking: /workspace/ros2_ws/install/service_temp/share/service_temp/environment/path.sh
-- Symlinking: /workspace/ros2_ws/install/service_temp/share/service_temp/environment/path.dsv
-- Symlinking: /workspace/ros2_ws/install/service_temp/share/service_temp/local_setup.bash
-- Symlinking: /workspace/ros2_ws/install/service_temp/share/service_temp/local_setup.sh
-- Symlinking: /workspace/ros2_ws/install/service_temp/share/service_temp/local_setup.zsh
-- Symlinking: /workspace/ros2_ws/install/service_temp/share/service_temp/local_setup.dsv
-- Symlinking: /workspace/ros2_ws/install/service_temp/share/service_temp/package.dsv
-- Symlinking: /workspace/ros2_ws/install/service_temp/share/ament_index/resource_index/packages/service_temp
-- Symlinking: /workspace/ros2_ws/install/service_temp/share/service_temp/cmake/rosidl_cmake-extras.cmake
-- Symlinking: /workspace/ros2_ws/install/service_temp/share/service_temp/cmake/ament_cmake_export_include_directories-extras.cmake
-- Symlinking: /workspace/ros2_ws/install/service_temp/share/service_temp/cmake/ament_cmake_export_libraries-extras.cmake
-- Symlinking: /workspace/ros2_ws/install/service_temp/share/service_temp/cmake/ament_cmake_export_targets-extras.cmake
-- Symlinking: /workspace/ros2_ws/install/service_temp/share/service_temp/cmake/rosidl_cmake_export_typesupport_targets-extras.cmake
-- Symlinking: /workspace/ros2_ws/install/service_temp/share/service_temp/cmake/ament_cmake_export_dependencies-extras.cmake
-- Symlinking: /workspace/ros2_ws/install/service_temp/share/service_temp/cmake/rosidl_cmake_export_typesupport_libraries-extras.cmake
-- Symlinking: /workspace/ros2_ws/install/service_temp/share/service_temp/cmake/service_tempConfig.cmake
-- Symlinking: /workspace/ros2_ws/install/service_temp/share/service_temp/cmake/service_tempConfig-version.cmake
-- Symlinking: /workspace/ros2_ws/install/service_temp/share/service_temp/package.xml
-- Installing: /workspace/ros2_ws/install/service_temp/lib/libservice_temp__rosidl_generator_c.so
-- Set runtime path of "/workspace/ros2_ws/install/service_temp/lib/libservice_temp__rosidl_generator_c.so" to ""
-- Installing: /workspace/ros2_ws/install/service_temp/lib/libservice_temp__rosidl_typesupport_fastrtps_c.so
-- Set runtime path of "/workspace/ros2_ws/install/service_temp/lib/libservice_temp__rosidl_typesupport_fastrtps_c.so" to ""
-- Installing: /workspace/ros2_ws/install/service_temp/lib/libservice_temp__rosidl_typesupport_fastrtps_cpp.so
-- Set runtime path of "/workspace/ros2_ws/install/service_temp/lib/libservice_temp__rosidl_typesupport_fastrtps_cpp.so" to ""
-- Installing: /workspace/ros2_ws/install/service_temp/lib/libservice_temp__rosidl_typesupport_introspection_c.so
-- Set runtime path of "/workspace/ros2_ws/install/service_temp/lib/libservice_temp__rosidl_typesupport_introspection_c.so" to ""
-- Installing: /workspace/ros2_ws/install/service_temp/lib/libservice_temp__rosidl_typesupport_c.so
-- Set runtime path of "/workspace/ros2_ws/install/service_temp/lib/libservice_temp__rosidl_typesupport_c.so" to ""
-- Installing: /workspace/ros2_ws/install/service_temp/lib/libservice_temp__rosidl_typesupport_introspection_cpp.so
-- Set runtime path of "/workspace/ros2_ws/install/service_temp/lib/libservice_temp__rosidl_typesupport_introspection_cpp.so" to ""
-- Installing: /workspace/ros2_ws/install/service_temp/lib/libservice_temp__rosidl_typesupport_cpp.so
-- Set runtime path of "/workspace/ros2_ws/install/service_temp/lib/libservice_temp__rosidl_typesupport_cpp.so" to ""
Listing '/workspace/ros2_ws/install/service_temp/local/lib/python3.10/dist-packages/service_temp'...
Compiling '/workspace/ros2_ws/install/service_temp/local/lib/python3.10/dist-packages/service_temp/__init__.py'...
Listing '/workspace/ros2_ws/install/service_temp/local/lib/python3.10/dist-packages/service_temp/srv'...
Compiling '/workspace/ros2_ws/install/service_temp/local/lib/python3.10/dist-packages/service_temp/srv/__init__.py'...
Compiling '/workspace/ros2_ws/install/service_temp/local/lib/python3.10/dist-packages/service_temp/srv/_convert_temp.py'...
-- Installing: /workspace/ros2_ws/install/service_temp/lib/libservice_temp__rosidl_generator_py.so
-- Set runtime path of "/workspace/ros2_ws/install/service_temp/lib/libservice_temp__rosidl_generator_py.so" to ""
-- Installing: /workspace/ros2_ws/install/service_temp/share/service_temp/cmake/export_service_temp__rosidl_generator_cExport.cmake
-- Installing: /workspace/ros2_ws/install/service_temp/share/service_temp/cmake/export_service_temp__rosidl_generator_cExport-noconfig.cmake
-- Installing: /workspace/ros2_ws/install/service_temp/share/service_temp/cmake/export_service_temp__rosidl_typesupport_fastrtps_cExport.cmake
-- Installing: /workspace/ros2_ws/install/service_temp/share/service_temp/cmake/export_service_temp__rosidl_typesupport_fastrtps_cExport-noconfig.cmake
-- Installing: /workspace/ros2_ws/install/service_temp/share/service_temp/cmake/export_service_temp__rosidl_generator_cppExport.cmake
-- Installing: /workspace/ros2_ws/install/service_temp/share/service_temp/cmake/export_service_temp__rosidl_typesupport_fastrtps_cppExport.cmake
-- Installing: /workspace/ros2_ws/install/service_temp/share/service_temp/cmake/export_service_temp__rosidl_typesupport_fastrtps_cppExport-noconfig.cmake
-- Installing: /workspace/ros2_ws/install/service_temp/share/service_temp/cmake/service_temp__rosidl_typesupport_introspection_cExport.cmake
-- Installing: /workspace/ros2_ws/install/service_temp/share/service_temp/cmake/service_temp__rosidl_typesupport_introspection_cExport-noconfig.cmake
-- Installing: /workspace/ros2_ws/install/service_temp/share/service_temp/cmake/service_temp__rosidl_typesupport_cExport.cmake
-- Installing: /workspace/ros2_ws/install/service_temp/share/service_temp/cmake/service_temp__rosidl_typesupport_cExport-noconfig.cmake
-- Installing: /workspace/ros2_ws/install/service_temp/share/service_temp/cmake/service_temp__rosidl_typesupport_introspection_cppExport.cmake
-- Installing: /workspace/ros2_ws/install/service_temp/share/service_temp/cmake/service_temp__rosidl_typesupport_introspection_cppExport-noconfig.cmake
-- Installing: /workspace/ros2_ws/install/service_temp/share/service_temp/cmake/service_temp__rosidl_typesupport_cppExport.cmake
-- Installing: /workspace/ros2_ws/install/service_temp/share/service_temp/cmake/service_temp__rosidl_typesupport_cppExport-noconfig.cmake
-- Installing: /workspace/ros2_ws/install/service_temp/share/service_temp/cmake/export_service_temp__rosidl_generator_pyExport.cmake
-- Installing: /workspace/ros2_ws/install/service_temp/share/service_temp/cmake/export_service_temp__rosidl_generator_pyExport-noconfig.cmake
