-- The C compiler identification is GNU 11.4.0
-- The CXX compiler identification is GNU 11.4.0
-- Detecting C compiler ABI info
-- Detecting C compiler ABI info - done
-- Check for working C compiler: /usr/bin/cc - skipped
-- Detecting C compile features
-- Detecting C compile features - done
-- Detecting CXX compiler ABI info
-- Detecting CXX compiler ABI info - done
-- Check for working CXX compiler: /usr/bin/c++ - skipped
-- Detecting CXX compile features
-- Detecting CXX compile features - done
-- Found ament_cmake: 1.3.11 (/opt/ros/humble/share/ament_cmake/cmake)
-- Found Python3: /usr/bin/python3 (found version "3.10.12") found components: Interpreter 
-- Override CMake install command with custom implementation using symlinks instead of copying resources
-- Found rclcpp: 16.0.12 (/opt/ros/humble/share/rclcpp/cmake)
-- Found rosidl_generator_c: 3.1.6 (/opt/ros/humble/share/rosidl_generator_c/cmake)
-- Found rosidl_adapter: 3.1.6 (/opt/ros/humble/share/rosidl_adapter/cmake)
-- Found rosidl_generator_cpp: 3.1.6 (/opt/ros/humble/share/rosidl_generator_cpp/cmake)
-- Using all available rosidl_typesupport_c: rosidl_typesupport_fastrtps_c;rosidl_typesupport_introspection_c
-- Using all available rosidl_typesupport_cpp: rosidl_typesupport_fastrtps_cpp;rosidl_typesupport_introspection_cpp
-- Found rmw_implementation_cmake: 6.1.2 (/opt/ros/humble/share/rmw_implementation_cmake/cmake)
-- Found rmw_fastrtps_cpp: 6.2.7 (/opt/ros/humble/share/rmw_fastrtps_cpp/cmake)
-- Found OpenSSL: /usr/lib/x86_64-linux-gnu/libcrypto.so (found version "3.0.2")  
-- Found FastRTPS: /opt/ros/humble/include  
-- Using RMW implementation 'rmw_fastrtps_cpp' as default
-- Looking for pthread.h
-- Looking for pthread.h - found
-- Performing Test CMAKE_HAVE_LIBC_PTHREAD
-- Performing Test CMAKE_HAVE_LIBC_PTHREAD - Success
-- Found Threads: TRUE  
-- Found rclpy: 3.3.16 (/opt/ros/humble/share/rclpy/cmake)
-- Found rosidl_default_generators: 1.2.0 (/opt/ros/humble/share/rosidl_default_generators/cmake)
-- Found ament_cmake_ros: 0.10.0 (/opt/ros/humble/share/ament_cmake_ros/cmake)
-- Using all available rosidl_typesupport_c: rosidl_typesupport_fastrtps_c;rosidl_typesupport_introspection_c
-- Using all available rosidl_typesupport_cpp: rosidl_typesupport_fastrtps_cpp;rosidl_typesupport_introspection_cpp
-- Found PythonInterp: /usr/bin/python3 (found suitable version "3.10.12", minimum required is "3.6") 
-- Found python_cmake_module: 0.10.0 (/opt/ros/humble/share/python_cmake_module/cmake)
-- Found PythonLibs: /usr/lib/x86_64-linux-gnu/libpython3.10.so (found suitable version "3.10.12", minimum required is "3.5") 
-- Using PYTHON_EXECUTABLE: /usr/bin/python3
-- Using PYTHON_INCLUDE_DIRS: /usr/include/python3.10
-- Using PYTHON_LIBRARIES: /usr/lib/x86_64-linux-gnu/libpython3.10.so
-- Found PythonExtra: .so  
-- Configuring done
-- Generating done
-- Build files have been written to: /workspace/ros2_ws/build/battery_act
[  3%] [34m[1mGenerating C code for ROS interfaces[0m
[  6%] [34m[1mGenerating C++ code for ROS interfaces[0m
[  6%] Built target ament_cmake_python_symlink_battery_act
running egg_info
creating battery_act.egg-info
writing battery_act.egg-info/PKG-INFO
writing dependency_links to battery_act.egg-info/dependency_links.txt
writing top-level names to battery_act.egg-info/top_level.txt
writing manifest file 'battery_act.egg-info/SOURCES.txt'
reading manifest file 'battery_act.egg-info/SOURCES.txt'
writing manifest file 'battery_act.egg-info/SOURCES.txt'
[  6%] Built target ament_cmake_python_build_battery_act_egg
[  6%] Built target battery_act__cpp
[  9%] [34m[1mGenerating C++ type support dispatch for ROS interfaces[0m
[ 12%] [34m[1mGenerating C++ type support for eProsima Fast-RTPS[0m
[ 16%] [34m[1mGenerating C++ introspection for ROS interfaces[0m
[ 19%] [32mBuilding C object CMakeFiles/battery_act__rosidl_generator_c.dir/rosidl_generator_c/battery_act/action/detail/battery__functions.c.o[0m
[ 22%] [32m[1mLinking C shared library libbattery_act__rosidl_generator_c.so[0m
[ 25%] [32mBuilding CXX object CMakeFiles/battery_act__rosidl_typesupport_cpp.dir/rosidl_typesupport_cpp/battery_act/action/battery__type_support.cpp.o[0m
[ 25%] Built target battery_act__rosidl_generator_c
[ 29%] [34m[1mGenerating C type support for eProsima Fast-RTPS[0m
[ 32%] [32mBuilding CXX object CMakeFiles/battery_act__rosidl_typesupport_introspection_cpp.dir/rosidl_typesupport_introspection_cpp/battery_act/action/detail/battery__type_support.cpp.o[0m
[ 35%] [32mBuilding CXX object CMakeFiles/battery_act__rosidl_typesupport_fastrtps_cpp.dir/rosidl_typesupport_fastrtps_cpp/battery_act/action/detail/dds_fastrtps/battery__type_support.cpp.o[0m
[ 38%] [32m[1mLinking CXX shared library libbattery_act__rosidl_typesupport_cpp.so[0m
[ 38%] Built target battery_act__rosidl_typesupport_cpp
[ 41%] [34m[1mGenerating C introspection for ROS interfaces[0m
[ 45%] [32mBuilding CXX object CMakeFiles/battery_act__rosidl_typesupport_fastrtps_c.dir/rosidl_typesupport_fastrtps_c/battery_act/action/detail/battery__type_support_c.cpp.o[0m
[ 48%] [32m[1mLinking CXX shared library libbattery_act__rosidl_typesupport_introspection_cpp.so[0m
[ 48%] Built target battery_act__rosidl_typesupport_introspection_cpp
[ 51%] [34m[1mGenerating C type support dispatch for ROS interfaces[0m
[ 54%] [32mBuilding C object CMakeFiles/battery_act__rosidl_typesupport_introspection_c.dir/rosidl_typesupport_introspection_c/battery_act/action/detail/battery__type_support.c.o[0m
[ 58%] [32m[1mLinking CXX shared library libbattery_act__rosidl_typesupport_fastrtps_c.so[0m
[ 61%] [32m[1mLinking C shared library libbattery_act__rosidl_typesupport_introspection_c.so[0m
[ 64%] [32m[1mLinking CXX shared library libbattery_act__rosidl_typesupport_fastrtps_cpp.so[0m
[ 64%] Built target battery_act__rosidl_typesupport_fastrtps_c
[ 64%] Built target battery_act__rosidl_typesupport_introspection_c
[ 64%] Built target battery_act__rosidl_typesupport_fastrtps_cpp
[ 67%] [32mBuilding CXX object CMakeFiles/battery_act__rosidl_typesupport_c.dir/rosidl_typesupport_c/battery_act/action/battery__type_support.cpp.o[0m
[ 70%] [32m[1mLinking CXX shared library libbattery_act__rosidl_typesupport_c.so[0m
[ 70%] Built target battery_act__rosidl_typesupport_c
[ 70%] Built target battery_act
[ 74%] [34m[1mGenerating Python code for ROS interfaces[0m
[ 74%] Built target battery_act__py
[ 77%] [32mBuilding C object CMakeFiles/battery_act__rosidl_generator_py.dir/rosidl_generator_py/battery_act/action/_battery_s.c.o[0m
[ 80%] [32m[1mLinking C shared library rosidl_generator_py/battery_act/libbattery_act__rosidl_generator_py.so[0m
[ 80%] Built target battery_act__rosidl_generator_py
[ 87%] [32mBuilding C object CMakeFiles/battery_act__rosidl_typesupport_introspection_c__pyext.dir/rosidl_generator_py/battery_act/_battery_act_s.ep.rosidl_typesupport_introspection_c.c.o[0m
[ 87%] [32mBuilding C object CMakeFiles/battery_act__rosidl_typesupport_fastrtps_c__pyext.dir/rosidl_generator_py/battery_act/_battery_act_s.ep.rosidl_typesupport_fastrtps_c.c.o[0m
[ 90%] [32mBuilding C object CMakeFiles/battery_act__rosidl_typesupport_c__pyext.dir/rosidl_generator_py/battery_act/_battery_act_s.ep.rosidl_typesupport_c.c.o[0m
[ 93%] [32m[1mLinking C shared library rosidl_generator_py/battery_act/battery_act_s__rosidl_typesupport_fastrtps_c.cpython-310-x86_64-linux-gnu.so[0m
[ 96%] [32m[1mLinking C shared library rosidl_generator_py/battery_act/battery_act_s__rosidl_typesupport_c.cpython-310-x86_64-linux-gnu.so[0m
[100%] [32m[1mLinking C shared library rosidl_generator_py/battery_act/battery_act_s__rosidl_typesupport_introspection_c.cpython-310-x86_64-linux-gnu.so[0m
[100%] Built target battery_act__rosidl_typesupport_fastrtps_c__pyext
[100%] Built target battery_act__rosidl_typesupport_introspection_c__pyext
[100%] Built target battery_act__rosidl_typesupport_c__pyext
-- Install configuration: ""
-- Execute custom install script
-- Symlinking: /workspace/ros2_ws/install/battery_act/share/ament_index/resource_index/rosidl_interfaces/battery_act
-- Symlinking: /workspace/ros2_ws/install/battery_act/include/battery_act/battery_act/action/battery.h
-- Symlinking: /workspace/ros2_ws/install/battery_act/include/battery_act/battery_act/action/detail/battery__functions.h
-- Symlinking: /workspace/ros2_ws/install/battery_act/include/battery_act/battery_act/action/detail/battery__struct.h
-- Symlinking: /workspace/ros2_ws/install/battery_act/include/battery_act/battery_act/action/detail/battery__type_support.h
-- Symlinking: /workspace/ros2_ws/install/battery_act/include/battery_act/battery_act/msg/rosidl_generator_c__visibility_control.h
-- Symlinking: /workspace/ros2_ws/install/battery_act/share/battery_act/environment/library_path.sh
-- Symlinking: /workspace/ros2_ws/install/battery_act/share/battery_act/environment/library_path.dsv
-- Symlinking: /workspace/ros2_ws/install/battery_act/include/battery_act/battery_act/action/detail/battery__rosidl_typesupport_fastrtps_c.h
-- Symlinking: /workspace/ros2_ws/install/battery_act/include/battery_act/battery_act/msg/rosidl_typesupport_fastrtps_c__visibility_control.h
-- Symlinking: /workspace/ros2_ws/install/battery_act/include/battery_act/battery_act/action/battery.hpp
-- Symlinking: /workspace/ros2_ws/install/battery_act/include/battery_act/battery_act/action/detail/battery__builder.hpp
-- Symlinking: /workspace/ros2_ws/install/battery_act/include/battery_act/battery_act/action/detail/battery__struct.hpp
-- Symlinking: /workspace/ros2_ws/install/battery_act/include/battery_act/battery_act/action/detail/battery__traits.hpp
-- Symlinking: /workspace/ros2_ws/install/battery_act/include/battery_act/battery_act/action/detail/battery__type_support.hpp
-- Symlinking: /workspace/ros2_ws/install/battery_act/include/battery_act/battery_act/msg/rosidl_generator_cpp__visibility_control.hpp
-- Symlinking: /workspace/ros2_ws/install/battery_act/include/battery_act/battery_act/action/detail/battery__rosidl_typesupport_fastrtps_cpp.hpp
-- Symlinking: /workspace/ros2_ws/install/battery_act/include/battery_act/battery_act/msg/rosidl_typesupport_fastrtps_cpp__visibility_control.h
-- Symlinking: /workspace/ros2_ws/install/battery_act/include/battery_act/battery_act/action/detail/battery__rosidl_typesupport_introspection_c.h
-- Symlinking: /workspace/ros2_ws/install/battery_act/include/battery_act/battery_act/msg/rosidl_typesupport_introspection_c__visibility_control.h
-- Symlinking: /workspace/ros2_ws/install/battery_act/include/battery_act/battery_act/action/detail/battery__rosidl_typesupport_introspection_cpp.hpp
-- Symlinking: /workspace/ros2_ws/install/battery_act/share/battery_act/environment/pythonpath.sh
-- Symlinking: /workspace/ros2_ws/install/battery_act/share/battery_act/environment/pythonpath.dsv
-- Symlinking: /workspace/ros2_ws/install/battery_act/local/lib/python3.10/dist-packages/battery_act-0.0.0-py3.10.egg-info/PKG-INFO
-- Symlinking: /workspace/ros2_ws/install/battery_act/local/lib/python3.10/dist-packages/battery_act-0.0.0-py3.10.egg-info/SOURCES.txt
-- Symlinking: /workspace/ros2_ws/install/battery_act/local/lib/python3.10/dist-packages/battery_act-0.0.0-py3.10.egg-info/dependency_links.txt
-- Symlinking: /workspace/ros2_ws/install/battery_act/local/lib/python3.10/dist-packages/battery_act-0.0.0-py3.10.egg-info/top_level.txt
-- Symlinking: /workspace/ros2_ws/install/battery_act/local/lib/python3.10/dist-packages/battery_act/__init__.py
-- Symlinking: /workspace/ros2_ws/install/battery_act/local/lib/python3.10/dist-packages/battery_act/_battery_act_s.ep.rosidl_typesupport_c.c
-- Symlinking: /workspace/ros2_ws/install/battery_act/local/lib/python3.10/dist-packages/battery_act/_battery_act_s.ep.rosidl_typesupport_fastrtps_c.c
-- Symlinking: /workspace/ros2_ws/install/battery_act/local/lib/python3.10/dist-packages/battery_act/_battery_act_s.ep.rosidl_typesupport_introspection_c.c
-- Symlinking: /workspace/ros2_ws/install/battery_act/local/lib/python3.10/dist-packages/battery_act/action/__init__.py
-- Symlinking: /workspace/ros2_ws/install/battery_act/local/lib/python3.10/dist-packages/battery_act/action/_battery.py
-- Symlinking: /workspace/ros2_ws/install/battery_act/local/lib/python3.10/dist-packages/battery_act/action/_battery_s.c
-- Symlinking: /workspace/ros2_ws/install/battery_act/local/lib/python3.10/dist-packages/battery_act/battery_act_s__rosidl_typesupport_c.cpython-310-x86_64-linux-gnu.so
-- Symlinking: /workspace/ros2_ws/install/battery_act/local/lib/python3.10/dist-packages/battery_act/battery_act_s__rosidl_typesupport_fastrtps_c.cpython-310-x86_64-linux-gnu.so
-- Symlinking: /workspace/ros2_ws/install/battery_act/local/lib/python3.10/dist-packages/battery_act/battery_act_s__rosidl_typesupport_introspection_c.cpython-310-x86_64-linux-gnu.so
-- Symlinking: /workspace/ros2_ws/install/battery_act/local/lib/python3.10/dist-packages/battery_act/libbattery_act__rosidl_generator_py.so
-- Up-to-date symlink: /workspace/ros2_ws/install/battery_act/local/lib/python3.10/dist-packages/battery_act/battery_act_s__rosidl_typesupport_fastrtps_c.cpython-310-x86_64-linux-gnu.so
-- Up-to-date symlink: /workspace/ros2_ws/install/battery_act/local/lib/python3.10/dist-packages/battery_act/battery_act_s__rosidl_typesupport_introspection_c.cpython-310-x86_64-linux-gnu.so
-- Up-to-date symlink: /workspace/ros2_ws/install/battery_act/local/lib/python3.10/dist-packages/battery_act/battery_act_s__rosidl_typesupport_c.cpython-310-x86_64-linux-gnu.so
-- Symlinking: /workspace/ros2_ws/install/battery_act/share/battery_act/action/Battery.idl
-- Symlinking: /workspace/ros2_ws/install/battery_act/share/battery_act/action/Battery.action
-- Symlinking: /workspace/ros2_ws/install/battery_act/lib//battery_charger.py
-- Symlinking: /workspace/ros2_ws/install/battery_act/lib//battery_client.py
-- Symlinking: /workspace/ros2_ws/install/battery_act/share/ament_index/resource_index/package_run_dependencies/battery_act
-- Symlinking: /workspace/ros2_ws/install/battery_act/share/ament_index/resource_index/parent_prefix_path/battery_act
-- Symlinking: /workspace/ros2_ws/install/battery_act/share/battery_act/environment/ament_prefix_path.sh
-- Symlinking: /workspace/ros2_ws/install/battery_act/share/battery_act/environment/ament_prefix_path.dsv
-- Symlinking: /workspace/ros2_ws/install/battery_act/share/battery_act/environment/path.sh
-- Symlinking: /workspace/ros2_ws/install/battery_act/share/battery_act/environment/path.dsv
-- Symlinking: /workspace/ros2_ws/install/battery_act/share/battery_act/local_setup.bash
-- Symlinking: /workspace/ros2_ws/install/battery_act/share/battery_act/local_setup.sh
-- Symlinking: /workspace/ros2_ws/install/battery_act/share/battery_act/local_setup.zsh
-- Symlinking: /workspace/ros2_ws/install/battery_act/share/battery_act/local_setup.dsv
-- Symlinking: /workspace/ros2_ws/install/battery_act/share/battery_act/package.dsv
-- Symlinking: /workspace/ros2_ws/install/battery_act/share/ament_index/resource_index/packages/battery_act
-- Symlinking: /workspace/ros2_ws/install/battery_act/share/battery_act/cmake/rosidl_cmake-extras.cmake
-- Symlinking: /workspace/ros2_ws/install/battery_act/share/battery_act/cmake/ament_cmake_export_dependencies-extras.cmake
-- Symlinking: /workspace/ros2_ws/install/battery_act/share/battery_act/cmake/ament_cmake_export_include_directories-extras.cmake
-- Symlinking: /workspace/ros2_ws/install/battery_act/share/battery_act/cmake/ament_cmake_export_libraries-extras.cmake
-- Symlinking: /workspace/ros2_ws/install/battery_act/share/battery_act/cmake/ament_cmake_export_targets-extras.cmake
-- Symlinking: /workspace/ros2_ws/install/battery_act/share/battery_act/cmake/rosidl_cmake_export_typesupport_targets-extras.cmake
-- Symlinking: /workspace/ros2_ws/install/battery_act/share/battery_act/cmake/rosidl_cmake_export_typesupport_libraries-extras.cmake
-- Symlinking: /workspace/ros2_ws/install/battery_act/share/battery_act/cmake/battery_actConfig.cmake
-- Symlinking: /workspace/ros2_ws/install/battery_act/share/battery_act/cmake/battery_actConfig-version.cmake
-- Symlinking: /workspace/ros2_ws/install/battery_act/share/battery_act/package.xml
-- Installing: /workspace/ros2_ws/install/battery_act/lib/libbattery_act__rosidl_generator_c.so
-- Set runtime path of "/workspace/ros2_ws/install/battery_act/lib/libbattery_act__rosidl_generator_c.so" to ""
-- Installing: /workspace/ros2_ws/install/battery_act/lib/libbattery_act__rosidl_typesupport_fastrtps_c.so
-- Set runtime path of "/workspace/ros2_ws/install/battery_act/lib/libbattery_act__rosidl_typesupport_fastrtps_c.so" to ""
-- Installing: /workspace/ros2_ws/install/battery_act/lib/libbattery_act__rosidl_typesupport_fastrtps_cpp.so
-- Set runtime path of "/workspace/ros2_ws/install/battery_act/lib/libbattery_act__rosidl_typesupport_fastrtps_cpp.so" to ""
-- Installing: /workspace/ros2_ws/install/battery_act/lib/libbattery_act__rosidl_typesupport_introspection_c.so
-- Set runtime path of "/workspace/ros2_ws/install/battery_act/lib/libbattery_act__rosidl_typesupport_introspection_c.so" to ""
-- Installing: /workspace/ros2_ws/install/battery_act/lib/libbattery_act__rosidl_typesupport_c.so
-- Set runtime path of "/workspace/ros2_ws/install/battery_act/lib/libbattery_act__rosidl_typesupport_c.so" to ""
-- Installing: /workspace/ros2_ws/install/battery_act/lib/libbattery_act__rosidl_typesupport_introspection_cpp.so
-- Set runtime path of "/workspace/ros2_ws/install/battery_act/lib/libbattery_act__rosidl_typesupport_introspection_cpp.so" to ""
-- Installing: /workspace/ros2_ws/install/battery_act/lib/libbattery_act__rosidl_typesupport_cpp.so
-- Set runtime path of "/workspace/ros2_ws/install/battery_act/lib/libbattery_act__rosidl_typesupport_cpp.so" to ""
Listing '/workspace/ros2_ws/install/battery_act/local/lib/python3.10/dist-packages/battery_act'...
Compiling '/workspace/ros2_ws/install/battery_act/local/lib/python3.10/dist-packages/battery_act/__init__.py'...
Listing '/workspace/ros2_ws/install/battery_act/local/lib/python3.10/dist-packages/battery_act/action'...
Compiling '/workspace/ros2_ws/install/battery_act/local/lib/python3.10/dist-packages/battery_act/action/__init__.py'...
Compiling '/workspace/ros2_ws/install/battery_act/local/lib/python3.10/dist-packages/battery_act/action/_battery.py'...
-- Installing: /workspace/ros2_ws/install/battery_act/lib/libbattery_act__rosidl_generator_py.so
-- Set runtime path of "/workspace/ros2_ws/install/battery_act/lib/libbattery_act__rosidl_generator_py.so" to ""
-- Installing: /workspace/ros2_ws/install/battery_act/share/battery_act/cmake/export_battery_act__rosidl_generator_cExport.cmake
-- Installing: /workspace/ros2_ws/install/battery_act/share/battery_act/cmake/export_battery_act__rosidl_generator_cExport-noconfig.cmake
-- Installing: /workspace/ros2_ws/install/battery_act/share/battery_act/cmake/export_battery_act__rosidl_typesupport_fastrtps_cExport.cmake
-- Installing: /workspace/ros2_ws/install/battery_act/share/battery_act/cmake/export_battery_act__rosidl_typesupport_fastrtps_cExport-noconfig.cmake
-- Installing: /workspace/ros2_ws/install/battery_act/share/battery_act/cmake/export_battery_act__rosidl_generator_cppExport.cmake
-- Installing: /workspace/ros2_ws/install/battery_act/share/battery_act/cmake/export_battery_act__rosidl_typesupport_fastrtps_cppExport.cmake
-- Installing: /workspace/ros2_ws/install/battery_act/share/battery_act/cmake/export_battery_act__rosidl_typesupport_fastrtps_cppExport-noconfig.cmake
-- Installing: /workspace/ros2_ws/install/battery_act/share/battery_act/cmake/battery_act__rosidl_typesupport_introspection_cExport.cmake
-- Installing: /workspace/ros2_ws/install/battery_act/share/battery_act/cmake/battery_act__rosidl_typesupport_introspection_cExport-noconfig.cmake
-- Installing: /workspace/ros2_ws/install/battery_act/share/battery_act/cmake/battery_act__rosidl_typesupport_cExport.cmake
-- Installing: /workspace/ros2_ws/install/battery_act/share/battery_act/cmake/battery_act__rosidl_typesupport_cExport-noconfig.cmake
-- Installing: /workspace/ros2_ws/install/battery_act/share/battery_act/cmake/battery_act__rosidl_typesupport_introspection_cppExport.cmake
-- Installing: /workspace/ros2_ws/install/battery_act/share/battery_act/cmake/battery_act__rosidl_typesupport_introspection_cppExport-noconfig.cmake
-- Installing: /workspace/ros2_ws/install/battery_act/share/battery_act/cmake/battery_act__rosidl_typesupport_cppExport.cmake
-- Installing: /workspace/ros2_ws/install/battery_act/share/battery_act/cmake/battery_act__rosidl_typesupport_cppExport-noconfig.cmake
-- Installing: /workspace/ros2_ws/install/battery_act/share/battery_act/cmake/export_battery_act__rosidl_generator_pyExport.cmake
-- Installing: /workspace/ros2_ws/install/battery_act/share/battery_act/cmake/export_battery_act__rosidl_generator_pyExport-noconfig.cmake
